
  VITE v4.4.7  ready in 155 ms

  ➜  Local:   http://localhost:5173/
  ➜  Network: http://172.30.1.83:5173/
Assets in public directory cannot be imported from JavaScript.
If you intend to import that asset, put the file in the src directory, and use /src/pang-board.png instead of /public/pang-board.png.
If you intend to use the URL of that asset, use /pang-board.png?url.
Assets in public directory cannot be imported from JavaScript.
If you intend to import that asset, put the file in the src directory, and use /src/signout-door.png instead of /public/signout-door.png.
If you intend to use the URL of that asset, use /signout-door.png?url.
Assets in public directory cannot be imported from JavaScript.
If you intend to import that asset, put the file in the src directory, and use /src/signout-arrow.png instead of /public/signout-arrow.png.
If you intend to use the URL of that asset, use /signout-arrow.png?url.
files in the public directory are served at the root path.
Instead of /public/pang-board.png, use /pang-board.png.
Assets in public directory cannot be imported from JavaScript.
If you intend to import that asset, put the file in the src directory, and use /src/pang-board.png instead of /public/pang-board.png.
If you intend to use the URL of that asset, use /pang-board.png?url.
Assets in public directory cannot be imported from JavaScript.
If you intend to import that asset, put the file in the src directory, and use /src/signout-door.png instead of /public/signout-door.png.
If you intend to use the URL of that asset, use /signout-door.png?url.
Assets in public directory cannot be imported from JavaScript.
If you intend to import that asset, put the file in the src directory, and use /src/signout-arrow.png instead of /public/signout-arrow.png.
If you intend to use the URL of that asset, use /signout-arrow.png?url.
files in the public directory are served at the root path.
Instead of /public/pang-board.png, use /pang-board.png.
error when starting dev server:
Error: Port 5173 is already in use
    at Server.onError (file:///Users/choehyejin/Desktop/web/react/pang-board-1/node_modules/vite/dist/node/chunks/dep-3b8eb186.js:54687:28)
    at Server.emit (node:events:514:28)
    at emitErrorNT (node:net:1899:8)
    at process.processTicksAndRejections (node:internal/process/task_queues:82:21)
error when starting dev server:
Error: Port 5173 is already in use
    at Server.onError (file:///Users/choehyejin/Desktop/web/react/pang-board-1/node_modules/vite/dist/node/chunks/dep-3b8eb186.js:54687:28)
    at Server.emit (node:events:514:28)
    at emitErrorNT (node:net:1899:8)
    at process.processTicksAndRejections (node:internal/process/task_queues:82:21)
error when starting dev server:
Error: Port 5173 is already in use
    at Server.onError (file:///Users/choehyejin/Desktop/web/react/pang-board-1/node_modules/vite/dist/node/chunks/dep-3b8eb186.js:54687:28)
    at Server.emit (node:events:514:28)
    at emitErrorNT (node:net:1899:8)
    at process.processTicksAndRejections (node:internal/process/task_queues:82:21)
Assets in public directory cannot be imported from JavaScript.
If you intend to import that asset, put the file in the src directory, and use /src/pang-board.png instead of /public/pang-board.png.
If you intend to use the URL of that asset, use /pang-board.png?url.
Assets in public directory cannot be imported from JavaScript.
If you intend to import that asset, put the file in the src directory, and use /src/signout-door.png instead of /public/signout-door.png.
If you intend to use the URL of that asset, use /signout-door.png?url.
Assets in public directory cannot be imported from JavaScript.
If you intend to import that asset, put the file in the src directory, and use /src/signout-arrow.png instead of /public/signout-arrow.png.
If you intend to use the URL of that asset, use /signout-arrow.png?url.
files in the public directory are served at the root path.
Instead of /public/pang-board.png, use /pang-board.png.
Assets in public directory cannot be imported from JavaScript.
If you intend to import that asset, put the file in the src directory, and use /src/pang-board.png instead of /public/pang-board.png.
If you intend to use the URL of that asset, use /pang-board.png?url.
Assets in public directory cannot be imported from JavaScript.
If you intend to import that asset, put the file in the src directory, and use /src/signout-door.png instead of /public/signout-door.png.
If you intend to use the URL of that asset, use /signout-door.png?url.
Assets in public directory cannot be imported from JavaScript.
If you intend to import that asset, put the file in the src directory, and use /src/signout-arrow.png instead of /public/signout-arrow.png.
If you intend to use the URL of that asset, use /signout-arrow.png?url.
files in the public directory are served at the root path.
Instead of /public/pang-board.png, use /pang-board.png.
files in the public directory are served at the root path.
Instead of /public/signout-arrow.png, use /signout-arrow.png.
files in the public directory are served at the root path.
Instead of /public/signout-door.png, use /signout-door.png.
